[INFO] Scanning for projects...
[INFO] 
[INFO] ------------------------------------------------------------------------
[INFO] Building cw-model 0.0.1-SNAPSHOT
[INFO] ------------------------------------------------------------------------
[INFO] 
[INFO] --- maven-clean-plugin:3.0.0:clean (default-clean) @ cw-model ---
[INFO] Deleting D:\work\scotland-yard\cw-model\target
[INFO] 
[INFO] --- maven-resources-plugin:3.0.1:resources (default-resources) @ cw-model ---
[INFO] Using 'UTF-8' encoding to copy filtered resources.
[INFO] Copying 35 resources
[INFO] 
[INFO] --- maven-compiler-plugin:3.7.0:compile (default-compile) @ cw-model ---
[INFO] Changes detected - recompiling the module!
[INFO] Compiling 81 source files to D:\work\scotland-yard\cw-model\target\classes
[INFO] 
[INFO] --- maven-resources-plugin:3.0.1:testResources (default-testResources) @ cw-model ---
[INFO] Using 'UTF-8' encoding to copy filtered resources.
[INFO] Copying 1 resource
[INFO] 
[INFO] --- maven-compiler-plugin:3.7.0:testCompile (default-testCompile) @ cw-model ---
[INFO] Changes detected - recompiling the module!
[INFO] Compiling 22 source files to D:\work\scotland-yard\cw-model\target\test-classes
[INFO] 
[INFO] --- maven-surefire-plugin:2.20:test (default-test) @ cw-model ---
[INFO] 
[INFO] -------------------------------------------------------
[INFO]  T E S T S
[INFO] -------------------------------------------------------
[INFO] Running uk.ac.bris.cs.scotlandyard.model.ModelTest
[ERROR] Tests run: 124, Failures: 3, Errors: 0, Skipped: 0, Time elapsed: 2.128 s <<< FAILURE! - in uk.ac.bris.cs.scotlandyard.model.ModelTest
[ERROR] testGameWhereMrXPickedConsecutiveDoubleMovesAtTimes[ScotlandYardModel](uk.ac.bris.cs.scotlandyard.model.ModelSixPlayerPlayOutTestComplex)  Time elapsed: 0.19 s  <<< FAILURE!
java.lang.AssertionError: 
Error at ModelSixPlayerPlayOutTestComplex.testGameWhereMrXPickedConsecutiveDoubleMovesAtTimes(ModelSixPlayerPlayOutTestComplex.java:1418):

Error at interaction 59/60: 
Expected result:
Spectator::onMoveMade(
	view = ScotlandYardView{round=6, current=YELLOW, over=true, winning=[BLUE, GREEN, RED, WHITE, YELLOW], players=[BLACK@79{TX=9,BS=13,UG=4,X2=0,SC=2}, BLUE@87{TX=10,BS=5,UG=4,X2=0,SC=0}, GREEN@86{TX=7,BS=8,UG=4,X2=0,SC=0}, RED@82{TX=10,BS=5,UG=4,X2=0,SC=0}, WHITE@111{TX=11,BS=6,UG=2,X2=0,SC=0}, YELLOW@102{TX=10,BS=6,UG=4,X2=0,SC=0}]},
	move = Ticket[WHITE-(UNDERGROUND)->111]
)

But some parameters did not match, actual invocation was:
Spectator::onMoveMade(
	view = ScotlandYardView{round=6, current=YELLOW, over=false, winning=[], players=[BLACK@79{TX=9,BS=13,UG=4,X2=0,SC=2}, BLUE@87{TX=10,BS=5,UG=4,X2=0,SC=0}, GREEN@86{TX=7,BS=8,UG=4,X2=0,SC=0}, RED@82{TX=10,BS=5,UG=4,X2=0,SC=0}, WHITE@111{TX=11,BS=6,UG=2,X2=0,SC=0}, YELLOW@102{TX=10,BS=6,UG=4,X2=0,SC=0}]},
	move = Ticket[WHITE-(UNDERGROUND)->111]
)

Specifically, the following assertion failed: expected:<ScotlandYardView{round=6, current=YELLOW, over=true, winning=[BLUE, GREEN, RED, WHITE, YELLOW], players=[BLACK@79{TX=9,BS=13,UG=4,X2=0,SC=2}, BLUE@87{TX=10,BS=5,UG=4,X2=0,SC=0}, GREEN@86{TX=7,BS=8,UG=4,X2=0,SC=0}, RED@82{TX=10,BS=5,UG=4,X2=0,SC=0}, WHITE@111{TX=11,BS=6,UG=2,X2=0,SC=0}, YELLOW@102{TX=10,BS=6,UG=4,X2=0,SC=0}]}> but was:<ScotlandYardView{round=6, current=YELLOW, over=false, winning=[], players=[BLACK@79{TX=9,BS=13,UG=4,X2=0,SC=2}, BLUE@87{TX=10,BS=5,UG=4,X2=0,SC=0}, GREEN@86{TX=7,BS=8,UG=4,X2=0,SC=0}, RED@82{TX=10,BS=5,UG=4,X2=0,SC=0}, WHITE@111{TX=11,BS=6,UG=2,X2=0,SC=0}, YELLOW@102{TX=10,BS=6,UG=4,X2=0,SC=0}]}>
	at uk.ac.bris.cs.scotlandyard.model.ModelSixPlayerPlayOutTestComplex.testGameWhereMrXPickedConsecutiveDoubleMovesAtTimes(ModelSixPlayerPlayOutTestComplex.java:1418)
	at sun.reflect.NativeMethodAccessorImpl.invoke0(Native Method)
	at sun.reflect.NativeMethodAccessorImpl.invoke(NativeMethodAccessorImpl.java:62)
	at sun.reflect.DelegatingMethodAccessorImpl.invoke(DelegatingMethodAccessorImpl.java:43)
	at java.lang.reflect.Method.invoke(Method.java:498)
	at org.junit.runners.model.FrameworkMethod$1.runReflectiveCall(FrameworkMethod.java:50)
	at org.junit.internal.runners.model.ReflectiveCallable.run(ReflectiveCallable.java:12)
	at org.junit.runners.model.FrameworkMethod.invokeExplosively(FrameworkMethod.java:47)
	at org.junit.internal.runners.statements.InvokeMethod.evaluate(InvokeMethod.java:17)
	at org.junit.internal.runners.statements.RunBefores.evaluate(RunBefores.java:26)
	at org.junit.internal.runners.statements.RunAfters.evaluate(RunAfters.java:27)
	at org.junit.runners.ParentRunner.runLeaf(ParentRunner.java:325)
	at org.junit.runners.BlockJUnit4ClassRunner.runChild(BlockJUnit4ClassRunner.java:78)
	at org.junit.runners.BlockJUnit4ClassRunner.runChild(BlockJUnit4ClassRunner.java:57)
	at org.junit.runners.ParentRunner$3.run(ParentRunner.java:290)
	at org.junit.runners.ParentRunner$1.schedule(ParentRunner.java:71)
	at org.junit.runners.ParentRunner.runChildren(ParentRunner.java:288)
	at org.junit.runners.ParentRunner.access$000(ParentRunner.java:58)
	at org.junit.runners.ParentRunner$2.evaluate(ParentRunner.java:268)
	at org.junit.runners.ParentRunner.run(ParentRunner.java:363)
	at org.junit.runners.Suite.runChild(Suite.java:128)
	at org.junit.runners.Suite.runChild(Suite.java:27)
	at org.junit.runners.ParentRunner$3.run(ParentRunner.java:290)
	at org.junit.runners.ParentRunner$1.schedule(ParentRunner.java:71)
	at org.junit.runners.ParentRunner.runChildren(ParentRunner.java:288)
	at org.junit.runners.ParentRunner.access$000(ParentRunner.java:58)
	at org.junit.runners.ParentRunner$2.evaluate(ParentRunner.java:268)
	at org.junit.internal.runners.statements.RunBefores.evaluate(RunBefores.java:26)
	at org.junit.runners.ParentRunner.run(ParentRunner.java:363)
	at org.junit.runners.Suite.runChild(Suite.java:128)
	at org.junit.runners.Suite.runChild(Suite.java:27)
	at org.junit.runners.ParentRunner$3.run(ParentRunner.java:290)
	at org.junit.runners.ParentRunner$1.schedule(ParentRunner.java:71)
	at org.junit.runners.ParentRunner.runChildren(ParentRunner.java:288)
	at org.junit.runners.ParentRunner.access$000(ParentRunner.java:58)
	at org.junit.runners.ParentRunner$2.evaluate(ParentRunner.java:268)
	at org.junit.runners.ParentRunner.run(ParentRunner.java:363)
	at org.apache.maven.surefire.junit4.JUnit4Provider.execute(JUnit4Provider.java:365)
	at org.apache.maven.surefire.junit4.JUnit4Provider.executeWithRerun(JUnit4Provider.java:272)
	at org.apache.maven.surefire.junit4.JUnit4Provider.executeTestSet(JUnit4Provider.java:236)
	at org.apache.maven.surefire.junit4.JUnit4Provider.invoke(JUnit4Provider.java:159)
	at org.apache.maven.surefire.booter.ForkedBooter.invokeProviderInSameClassLoader(ForkedBooter.java:386)
	at org.apache.maven.surefire.booter.ForkedBooter.runSuitesInProcess(ForkedBooter.java:323)
	at org.apache.maven.surefire.booter.ForkedBooter.main(ForkedBooter.java:143)

[ERROR] testGameWhereMrXNeverPickedADoubleMove[ScotlandYardModel](uk.ac.bris.cs.scotlandyard.model.ModelSixPlayerPlayOutTestSimple)  Time elapsed: 0.064 s  <<< FAILURE!
java.lang.AssertionError: 
Error at ModelSixPlayerPlayOutTestSimple.testGameWhereMrXNeverPickedADoubleMove(ModelSixPlayerPlayOutTestSimple.java:900):

Error at interaction 21/22: 
Expected result:
Spectator::onMoveMade(
	view = ScotlandYardView{round=2, current=RED, over=true, winning=[BLUE, GREEN, RED, WHITE, YELLOW], players=[BLACK@0{TX=10,BS=4,UG=3,X2=2,SC=3}, BLUE@51{TX=9,BS=8,UG=4,X2=0,SC=0}, GREEN@157{TX=10,BS=7,UG=4,X2=0,SC=0}, RED@161{TX=10,BS=8,UG=4,X2=0,SC=0}, WHITE@124{TX=10,BS=8,UG=4,X2=0,SC=0}, YELLOW@49{TX=10,BS=8,UG=4,X2=0,SC=0}]},
	move = Ticket[GREEN-(BUS)->157]
)

But some parameters did not match, actual invocation was:
Spectator::onMoveMade(
	view = ScotlandYardView{round=2, current=RED, over=false, winning=[], players=[BLACK@0{TX=10,BS=4,UG=3,X2=2,SC=3}, BLUE@51{TX=9,BS=8,UG=4,X2=0,SC=0}, GREEN@157{TX=10,BS=7,UG=4,X2=0,SC=0}, RED@161{TX=10,BS=8,UG=4,X2=0,SC=0}, WHITE@124{TX=10,BS=8,UG=4,X2=0,SC=0}, YELLOW@49{TX=10,BS=8,UG=4,X2=0,SC=0}]},
	move = Ticket[GREEN-(BUS)->157]
)

Specifically, the following assertion failed: expected:<ScotlandYardView{round=2, current=RED, over=true, winning=[BLUE, GREEN, RED, WHITE, YELLOW], players=[BLACK@0{TX=10,BS=4,UG=3,X2=2,SC=3}, BLUE@51{TX=9,BS=8,UG=4,X2=0,SC=0}, GREEN@157{TX=10,BS=7,UG=4,X2=0,SC=0}, RED@161{TX=10,BS=8,UG=4,X2=0,SC=0}, WHITE@124{TX=10,BS=8,UG=4,X2=0,SC=0}, YELLOW@49{TX=10,BS=8,UG=4,X2=0,SC=0}]}> but was:<ScotlandYardView{round=2, current=RED, over=false, winning=[], players=[BLACK@0{TX=10,BS=4,UG=3,X2=2,SC=3}, BLUE@51{TX=9,BS=8,UG=4,X2=0,SC=0}, GREEN@157{TX=10,BS=7,UG=4,X2=0,SC=0}, RED@161{TX=10,BS=8,UG=4,X2=0,SC=0}, WHITE@124{TX=10,BS=8,UG=4,X2=0,SC=0}, YELLOW@49{TX=10,BS=8,UG=4,X2=0,SC=0}]}>
	at uk.ac.bris.cs.scotlandyard.model.ModelSixPlayerPlayOutTestSimple.testGameWhereMrXNeverPickedADoubleMove(ModelSixPlayerPlayOutTestSimple.java:900)
	at sun.reflect.NativeMethodAccessorImpl.invoke0(Native Method)
	at sun.reflect.NativeMethodAccessorImpl.invoke(NativeMethodAccessorImpl.java:62)
	at sun.reflect.DelegatingMethodAccessorImpl.invoke(DelegatingMethodAccessorImpl.java:43)
	at java.lang.reflect.Method.invoke(Method.java:498)
	at org.junit.runners.model.FrameworkMethod$1.runReflectiveCall(FrameworkMethod.java:50)
	at org.junit.internal.runners.model.ReflectiveCallable.run(ReflectiveCallable.java:12)
	at org.junit.runners.model.FrameworkMethod.invokeExplosively(FrameworkMethod.java:47)
	at org.junit.internal.runners.statements.InvokeMethod.evaluate(InvokeMethod.java:17)
	at org.junit.internal.runners.statements.RunBefores.evaluate(RunBefores.java:26)
	at org.junit.internal.runners.statements.RunAfters.evaluate(RunAfters.java:27)
	at org.junit.runners.ParentRunner.runLeaf(ParentRunner.java:325)
	at org.junit.runners.BlockJUnit4ClassRunner.runChild(BlockJUnit4ClassRunner.java:78)
	at org.junit.runners.BlockJUnit4ClassRunner.runChild(BlockJUnit4ClassRunner.java:57)
	at org.junit.runners.ParentRunner$3.run(ParentRunner.java:290)
	at org.junit.runners.ParentRunner$1.schedule(ParentRunner.java:71)
	at org.junit.runners.ParentRunner.runChildren(ParentRunner.java:288)
	at org.junit.runners.ParentRunner.access$000(ParentRunner.java:58)
	at org.junit.runners.ParentRunner$2.evaluate(ParentRunner.java:268)
	at org.junit.runners.ParentRunner.run(ParentRunner.java:363)
	at org.junit.runners.Suite.runChild(Suite.java:128)
	at org.junit.runners.Suite.runChild(Suite.java:27)
	at org.junit.runners.ParentRunner$3.run(ParentRunner.java:290)
	at org.junit.runners.ParentRunner$1.schedule(ParentRunner.java:71)
	at org.junit.runners.ParentRunner.runChildren(ParentRunner.java:288)
	at org.junit.runners.ParentRunner.access$000(ParentRunner.java:58)
	at org.junit.runners.ParentRunner$2.evaluate(ParentRunner.java:268)
	at org.junit.internal.runners.statements.RunBefores.evaluate(RunBefores.java:26)
	at org.junit.runners.ParentRunner.run(ParentRunner.java:363)
	at org.junit.runners.Suite.runChild(Suite.java:128)
	at org.junit.runners.Suite.runChild(Suite.java:27)
	at org.junit.runners.ParentRunner$3.run(ParentRunner.java:290)
	at org.junit.runners.ParentRunner$1.schedule(ParentRunner.java:71)
	at org.junit.runners.ParentRunner.runChildren(ParentRunner.java:288)
	at org.junit.runners.ParentRunner.access$000(ParentRunner.java:58)
	at org.junit.runners.ParentRunner$2.evaluate(ParentRunner.java:268)
	at org.junit.runners.ParentRunner.run(ParentRunner.java:363)
	at org.apache.maven.surefire.junit4.JUnit4Provider.execute(JUnit4Provider.java:365)
	at org.apache.maven.surefire.junit4.JUnit4Provider.executeWithRerun(JUnit4Provider.java:272)
	at org.apache.maven.surefire.junit4.JUnit4Provider.executeTestSet(JUnit4Provider.java:236)
	at org.apache.maven.surefire.junit4.JUnit4Provider.invoke(JUnit4Provider.java:159)
	at org.apache.maven.surefire.booter.ForkedBooter.invokeProviderInSameClassLoader(ForkedBooter.java:386)
	at org.apache.maven.surefire.booter.ForkedBooter.runSuitesInProcess(ForkedBooter.java:323)
	at org.apache.maven.surefire.booter.ForkedBooter.main(ForkedBooter.java:143)

[ERROR] testGameWhereSomePlayersAreNeverInvolved[ScotlandYardModel](uk.ac.bris.cs.scotlandyard.model.ModelSixPlayerPlayOutTestSimple)  Time elapsed: 0.073 s  <<< FAILURE!
java.lang.AssertionError: 
Error at ModelSixPlayerPlayOutTestSimple.testGameWhereSomePlayersAreNeverInvolved(ModelSixPlayerPlayOutTestSimple.java:525):

Error at interaction 10/11: 
Expected result:
Spectator::onMoveMade(
	view = ScotlandYardView{round=2, current=RED, over=true, winning=[BLUE, GREEN, RED, WHITE, YELLOW], players=[BLACK@0{TX=6,BS=2,UG=3,X2=1,SC=4}, BLUE@105{TX=10,BS=8,UG=4,X2=0,SC=0}, GREEN@108{TX=10,BS=8,UG=4,X2=0,SC=0}, RED@141{TX=11,BS=8,UG=4,X2=0,SC=0}, WHITE@138{TX=11,BS=8,UG=4,X2=0,SC=0}, YELLOW@103{TX=11,BS=8,UG=4,X2=0,SC=0}]},
	move = Ticket[GREEN-(TAXI)->108]
)

But some parameters did not match, actual invocation was:
Spectator::onMoveMade(
	view = ScotlandYardView{round=2, current=RED, over=false, winning=[], players=[BLACK@0{TX=6,BS=2,UG=3,X2=1,SC=4}, BLUE@105{TX=10,BS=8,UG=4,X2=0,SC=0}, GREEN@108{TX=10,BS=8,UG=4,X2=0,SC=0}, RED@141{TX=11,BS=8,UG=4,X2=0,SC=0}, WHITE@138{TX=11,BS=8,UG=4,X2=0,SC=0}, YELLOW@103{TX=11,BS=8,UG=4,X2=0,SC=0}]},
	move = Ticket[GREEN-(TAXI)->108]
)

Specifically, the following assertion failed: expected:<ScotlandYardView{round=2, current=RED, over=true, winning=[BLUE, GREEN, RED, WHITE, YELLOW], players=[BLACK@0{TX=6,BS=2,UG=3,X2=1,SC=4}, BLUE@105{TX=10,BS=8,UG=4,X2=0,SC=0}, GREEN@108{TX=10,BS=8,UG=4,X2=0,SC=0}, RED@141{TX=11,BS=8,UG=4,X2=0,SC=0}, WHITE@138{TX=11,BS=8,UG=4,X2=0,SC=0}, YELLOW@103{TX=11,BS=8,UG=4,X2=0,SC=0}]}> but was:<ScotlandYardView{round=2, current=RED, over=false, winning=[], players=[BLACK@0{TX=6,BS=2,UG=3,X2=1,SC=4}, BLUE@105{TX=10,BS=8,UG=4,X2=0,SC=0}, GREEN@108{TX=10,BS=8,UG=4,X2=0,SC=0}, RED@141{TX=11,BS=8,UG=4,X2=0,SC=0}, WHITE@138{TX=11,BS=8,UG=4,X2=0,SC=0}, YELLOW@103{TX=11,BS=8,UG=4,X2=0,SC=0}]}>
	at uk.ac.bris.cs.scotlandyard.model.ModelSixPlayerPlayOutTestSimple.testGameWhereSomePlayersAreNeverInvolved(ModelSixPlayerPlayOutTestSimple.java:525)
	at sun.reflect.NativeMethodAccessorImpl.invoke0(Native Method)
	at sun.reflect.NativeMethodAccessorImpl.invoke(NativeMethodAccessorImpl.java:62)
	at sun.reflect.DelegatingMethodAccessorImpl.invoke(DelegatingMethodAccessorImpl.java:43)
	at java.lang.reflect.Method.invoke(Method.java:498)
	at org.junit.runners.model.FrameworkMethod$1.runReflectiveCall(FrameworkMethod.java:50)
	at org.junit.internal.runners.model.ReflectiveCallable.run(ReflectiveCallable.java:12)
	at org.junit.runners.model.FrameworkMethod.invokeExplosively(FrameworkMethod.java:47)
	at org.junit.internal.runners.statements.InvokeMethod.evaluate(InvokeMethod.java:17)
	at org.junit.internal.runners.statements.RunBefores.evaluate(RunBefores.java:26)
	at org.junit.internal.runners.statements.RunAfters.evaluate(RunAfters.java:27)
	at org.junit.runners.ParentRunner.runLeaf(ParentRunner.java:325)
	at org.junit.runners.BlockJUnit4ClassRunner.runChild(BlockJUnit4ClassRunner.java:78)
	at org.junit.runners.BlockJUnit4ClassRunner.runChild(BlockJUnit4ClassRunner.java:57)
	at org.junit.runners.ParentRunner$3.run(ParentRunner.java:290)
	at org.junit.runners.ParentRunner$1.schedule(ParentRunner.java:71)
	at org.junit.runners.ParentRunner.runChildren(ParentRunner.java:288)
	at org.junit.runners.ParentRunner.access$000(ParentRunner.java:58)
	at org.junit.runners.ParentRunner$2.evaluate(ParentRunner.java:268)
	at org.junit.runners.ParentRunner.run(ParentRunner.java:363)
	at org.junit.runners.Suite.runChild(Suite.java:128)
	at org.junit.runners.Suite.runChild(Suite.java:27)
	at org.junit.runners.ParentRunner$3.run(ParentRunner.java:290)
	at org.junit.runners.ParentRunner$1.schedule(ParentRunner.java:71)
	at org.junit.runners.ParentRunner.runChildren(ParentRunner.java:288)
	at org.junit.runners.ParentRunner.access$000(ParentRunner.java:58)
	at org.junit.runners.ParentRunner$2.evaluate(ParentRunner.java:268)
	at org.junit.internal.runners.statements.RunBefores.evaluate(RunBefores.java:26)
	at org.junit.runners.ParentRunner.run(ParentRunner.java:363)
	at org.junit.runners.Suite.runChild(Suite.java:128)
	at org.junit.runners.Suite.runChild(Suite.java:27)
	at org.junit.runners.ParentRunner$3.run(ParentRunner.java:290)
	at org.junit.runners.ParentRunner$1.schedule(ParentRunner.java:71)
	at org.junit.runners.ParentRunner.runChildren(ParentRunner.java:288)
	at org.junit.runners.ParentRunner.access$000(ParentRunner.java:58)
	at org.junit.runners.ParentRunner$2.evaluate(ParentRunner.java:268)
	at org.junit.runners.ParentRunner.run(ParentRunner.java:363)
	at org.apache.maven.surefire.junit4.JUnit4Provider.execute(JUnit4Provider.java:365)
	at org.apache.maven.surefire.junit4.JUnit4Provider.executeWithRerun(JUnit4Provider.java:272)
	at org.apache.maven.surefire.junit4.JUnit4Provider.executeTestSet(JUnit4Provider.java:236)
	at org.apache.maven.surefire.junit4.JUnit4Provider.invoke(JUnit4Provider.java:159)
	at org.apache.maven.surefire.booter.ForkedBooter.invokeProviderInSameClassLoader(ForkedBooter.java:386)
	at org.apache.maven.surefire.booter.ForkedBooter.runSuitesInProcess(ForkedBooter.java:323)
	at org.apache.maven.surefire.booter.ForkedBooter.main(ForkedBooter.java:143)

[INFO] 
[INFO] Results:
[INFO] 
[ERROR] Failures: 
[ERROR]   ModelSixPlayerPlayOutTestComplex.testGameWhereMrXPickedConsecutiveDoubleMovesAtTimes:1418 Error at ModelSixPlayerPlayOutTestComplex.testGameWhereMrXPickedConsecutiveDoubleMovesAtTimes(ModelSixPlayerPlayOutTestComplex.java:1418):

Error at interaction 59/60: 
Expected result:
Spectator::onMoveMade(
	view = ScotlandYardView{round=6, current=YELLOW, over=true, winning=[BLUE, GREEN, RED, WHITE, YELLOW], players=[BLACK@79{TX=9,BS=13,UG=4,X2=0,SC=2}, BLUE@87{TX=10,BS=5,UG=4,X2=0,SC=0}, GREEN@86{TX=7,BS=8,UG=4,X2=0,SC=0}, RED@82{TX=10,BS=5,UG=4,X2=0,SC=0}, WHITE@111{TX=11,BS=6,UG=2,X2=0,SC=0}, YELLOW@102{TX=10,BS=6,UG=4,X2=0,SC=0}]},
	move = Ticket[WHITE-(UNDERGROUND)->111]
)

But some parameters did not match, actual invocation was:
Spectator::onMoveMade(
	view = ScotlandYardView{round=6, current=YELLOW, over=false, winning=[], players=[BLACK@79{TX=9,BS=13,UG=4,X2=0,SC=2}, BLUE@87{TX=10,BS=5,UG=4,X2=0,SC=0}, GREEN@86{TX=7,BS=8,UG=4,X2=0,SC=0}, RED@82{TX=10,BS=5,UG=4,X2=0,SC=0}, WHITE@111{TX=11,BS=6,UG=2,X2=0,SC=0}, YELLOW@102{TX=10,BS=6,UG=4,X2=0,SC=0}]},
	move = Ticket[WHITE-(UNDERGROUND)->111]
)

Specifically, the following assertion failed: expected:<ScotlandYardView{round=6, current=YELLOW, over=true, winning=[BLUE, GREEN, RED, WHITE, YELLOW], players=[BLACK@79{TX=9,BS=13,UG=4,X2=0,SC=2}, BLUE@87{TX=10,BS=5,UG=4,X2=0,SC=0}, GREEN@86{TX=7,BS=8,UG=4,X2=0,SC=0}, RED@82{TX=10,BS=5,UG=4,X2=0,SC=0}, WHITE@111{TX=11,BS=6,UG=2,X2=0,SC=0}, YELLOW@102{TX=10,BS=6,UG=4,X2=0,SC=0}]}> but was:<ScotlandYardView{round=6, current=YELLOW, over=false, winning=[], players=[BLACK@79{TX=9,BS=13,UG=4,X2=0,SC=2}, BLUE@87{TX=10,BS=5,UG=4,X2=0,SC=0}, GREEN@86{TX=7,BS=8,UG=4,X2=0,SC=0}, RED@82{TX=10,BS=5,UG=4,X2=0,SC=0}, WHITE@111{TX=11,BS=6,UG=2,X2=0,SC=0}, YELLOW@102{TX=10,BS=6,UG=4,X2=0,SC=0}]}>
[ERROR]   ModelSixPlayerPlayOutTestSimple.testGameWhereMrXNeverPickedADoubleMove:900 Error at ModelSixPlayerPlayOutTestSimple.testGameWhereMrXNeverPickedADoubleMove(ModelSixPlayerPlayOutTestSimple.java:900):

Error at interaction 21/22: 
Expected result:
Spectator::onMoveMade(
	view = ScotlandYardView{round=2, current=RED, over=true, winning=[BLUE, GREEN, RED, WHITE, YELLOW], players=[BLACK@0{TX=10,BS=4,UG=3,X2=2,SC=3}, BLUE@51{TX=9,BS=8,UG=4,X2=0,SC=0}, GREEN@157{TX=10,BS=7,UG=4,X2=0,SC=0}, RED@161{TX=10,BS=8,UG=4,X2=0,SC=0}, WHITE@124{TX=10,BS=8,UG=4,X2=0,SC=0}, YELLOW@49{TX=10,BS=8,UG=4,X2=0,SC=0}]},
	move = Ticket[GREEN-(BUS)->157]
)

But some parameters did not match, actual invocation was:
Spectator::onMoveMade(
	view = ScotlandYardView{round=2, current=RED, over=false, winning=[], players=[BLACK@0{TX=10,BS=4,UG=3,X2=2,SC=3}, BLUE@51{TX=9,BS=8,UG=4,X2=0,SC=0}, GREEN@157{TX=10,BS=7,UG=4,X2=0,SC=0}, RED@161{TX=10,BS=8,UG=4,X2=0,SC=0}, WHITE@124{TX=10,BS=8,UG=4,X2=0,SC=0}, YELLOW@49{TX=10,BS=8,UG=4,X2=0,SC=0}]},
	move = Ticket[GREEN-(BUS)->157]
)

Specifically, the following assertion failed: expected:<ScotlandYardView{round=2, current=RED, over=true, winning=[BLUE, GREEN, RED, WHITE, YELLOW], players=[BLACK@0{TX=10,BS=4,UG=3,X2=2,SC=3}, BLUE@51{TX=9,BS=8,UG=4,X2=0,SC=0}, GREEN@157{TX=10,BS=7,UG=4,X2=0,SC=0}, RED@161{TX=10,BS=8,UG=4,X2=0,SC=0}, WHITE@124{TX=10,BS=8,UG=4,X2=0,SC=0}, YELLOW@49{TX=10,BS=8,UG=4,X2=0,SC=0}]}> but was:<ScotlandYardView{round=2, current=RED, over=false, winning=[], players=[BLACK@0{TX=10,BS=4,UG=3,X2=2,SC=3}, BLUE@51{TX=9,BS=8,UG=4,X2=0,SC=0}, GREEN@157{TX=10,BS=7,UG=4,X2=0,SC=0}, RED@161{TX=10,BS=8,UG=4,X2=0,SC=0}, WHITE@124{TX=10,BS=8,UG=4,X2=0,SC=0}, YELLOW@49{TX=10,BS=8,UG=4,X2=0,SC=0}]}>
[ERROR]   ModelSixPlayerPlayOutTestSimple.testGameWhereSomePlayersAreNeverInvolved:525 Error at ModelSixPlayerPlayOutTestSimple.testGameWhereSomePlayersAreNeverInvolved(ModelSixPlayerPlayOutTestSimple.java:525):

Error at interaction 10/11: 
Expected result:
Spectator::onMoveMade(
	view = ScotlandYardView{round=2, current=RED, over=true, winning=[BLUE, GREEN, RED, WHITE, YELLOW], players=[BLACK@0{TX=6,BS=2,UG=3,X2=1,SC=4}, BLUE@105{TX=10,BS=8,UG=4,X2=0,SC=0}, GREEN@108{TX=10,BS=8,UG=4,X2=0,SC=0}, RED@141{TX=11,BS=8,UG=4,X2=0,SC=0}, WHITE@138{TX=11,BS=8,UG=4,X2=0,SC=0}, YELLOW@103{TX=11,BS=8,UG=4,X2=0,SC=0}]},
	move = Ticket[GREEN-(TAXI)->108]
)

But some parameters did not match, actual invocation was:
Spectator::onMoveMade(
	view = ScotlandYardView{round=2, current=RED, over=false, winning=[], players=[BLACK@0{TX=6,BS=2,UG=3,X2=1,SC=4}, BLUE@105{TX=10,BS=8,UG=4,X2=0,SC=0}, GREEN@108{TX=10,BS=8,UG=4,X2=0,SC=0}, RED@141{TX=11,BS=8,UG=4,X2=0,SC=0}, WHITE@138{TX=11,BS=8,UG=4,X2=0,SC=0}, YELLOW@103{TX=11,BS=8,UG=4,X2=0,SC=0}]},
	move = Ticket[GREEN-(TAXI)->108]
)

Specifically, the following assertion failed: expected:<ScotlandYardView{round=2, current=RED, over=true, winning=[BLUE, GREEN, RED, WHITE, YELLOW], players=[BLACK@0{TX=6,BS=2,UG=3,X2=1,SC=4}, BLUE@105{TX=10,BS=8,UG=4,X2=0,SC=0}, GREEN@108{TX=10,BS=8,UG=4,X2=0,SC=0}, RED@141{TX=11,BS=8,UG=4,X2=0,SC=0}, WHITE@138{TX=11,BS=8,UG=4,X2=0,SC=0}, YELLOW@103{TX=11,BS=8,UG=4,X2=0,SC=0}]}> but was:<ScotlandYardView{round=2, current=RED, over=false, winning=[], players=[BLACK@0{TX=6,BS=2,UG=3,X2=1,SC=4}, BLUE@105{TX=10,BS=8,UG=4,X2=0,SC=0}, GREEN@108{TX=10,BS=8,UG=4,X2=0,SC=0}, RED@141{TX=11,BS=8,UG=4,X2=0,SC=0}, WHITE@138{TX=11,BS=8,UG=4,X2=0,SC=0}, YELLOW@103{TX=11,BS=8,UG=4,X2=0,SC=0}]}>
[INFO] 
[ERROR] Tests run: 124, Failures: 3, Errors: 0, Skipped: 0
[INFO] 
[INFO] ------------------------------------------------------------------------
[INFO] BUILD FAILURE
[INFO] ------------------------------------------------------------------------
[INFO] Total time: 9.583 s
[INFO] Finished at: 2018-03-20T20:17:37Z
[INFO] Final Memory: 23M/317M
[INFO] ------------------------------------------------------------------------
[ERROR] Failed to execute goal org.apache.maven.plugins:maven-surefire-plugin:2.20:test (default-test) on project cw-model: There are test failures.
[ERROR] 
[ERROR] Please refer to D:\work\scotland-yard\cw-model\target\surefire-reports for the individual test results.
[ERROR] Please refer to dump files (if any exist) [date]-jvmRun[N].dump, [date].dumpstream and [date]-jvmRun[N].dumpstream.
[ERROR] -> [Help 1]
[ERROR] 
[ERROR] To see the full stack trace of the errors, re-run Maven with the -e switch.
[ERROR] Re-run Maven using the -X switch to enable full debug logging.
[ERROR] 
[ERROR] For more information about the errors and possible solutions, please read the following articles:
[ERROR] [Help 1] http://cwiki.apache.org/confluence/display/MAVEN/MojoFailureException
